[INFO] Namespace(batchsize=1, inputs_shape=None, layout='NHWC', model_files=['./build/quantize/quantize_eval_model.pb'], model_type='tensorflow', named_inputs_shape=None, out_filename='/tmp/customcnn_org.xmodel', proto=None)
[INFO] tensorflow model: /workspace/build/quantize/quantize_eval_model.pb
[INFO] parse raw model     :  0%|          | 0/18 [00:00<?, ?it/s]                           [INFO] parse raw model     :100%|██████████| 18/18 [00:00<00:00, 8566.60it/s]                
[INFO] infer shape (NHWC)  :  0%|          | 0/30 [00:00<?, ?it/s]                           [INFO] infer shape (NHWC)  :100%|██████████| 30/30 [00:00<00:00, 22982.49it/s]               
[INFO] perform level-0 opt :  0%|          | 0/3 [00:00<?, ?it/s]                            [INFO] perform level-0 opt :100%|██████████| 3/3 [00:00<00:00, 1783.55it/s]                  
[INFO] perform level-1 opt :  0%|          | 0/6 [00:00<?, ?it/s]                            [INFO] perform level-1 opt :100%|██████████| 6/6 [00:00<00:00, 1855.07it/s]                  
[INFO] generate xmodel     :  0%|          | 0/16 [00:00<?, ?it/s]                           [INFO] generate xmodel     :100%|██████████| 16/16 [00:00<00:00, 3146.22it/s]                
[INFO] dump xmodel ...[INFO] dump xmodel: /tmp/customcnn_org.xmodel
[UNILOG][INFO] Compile mode: dpu
[UNILOG][INFO] Debug mode: function
[UNILOG][INFO] Target architecture: DPUCVDX8G_ISA2_C32B3
[UNILOG][INFO] Graph name: quantize_eval_model, with op num: 32
[UNILOG][INFO] Begin to compile...
[UNILOG][INFO] Total device subgraph number 3, DPU subgraph number 1
[UNILOG][INFO] Compile done.
[UNILOG][INFO] The meta json is saved to "/workspace/./build/compile_vck190/meta.json"
[UNILOG][INFO] The compiled xmodel is saved to "/workspace/./build/compile_vck190/customcnn.xmodel"
[UNILOG][INFO] The compiled xmodel's md5sum is 9872423e01e8d0c811526e3a8a940f1a, and has been saved to "/workspace/./build/compile_vck190/md5sum.txt"
**************************************************
* VITIS_AI Compilation - Xilinx Inc.
**************************************************
