[INFO] Namespace(batchsize=1, inputs_shape=None, layout='NHWC', model_files=['./build/quantize/quantize_eval_model.pb'], model_type='tensorflow', named_inputs_shape=None, out_filename='/tmp/customcnn_org.xmodel', proto=None)
[INFO] tensorflow model: /workspace/build/quantize/quantize_eval_model.pb
[INFO] parse raw model     :  0%|          | 0/18 [00:00<?, ?it/s]                           [INFO] parse raw model     :100%|██████████| 18/18 [00:00<00:00, 10252.24it/s]               
[INFO] infer shape (NHWC)  :  0%|          | 0/30 [00:00<?, ?it/s]                           [INFO] infer shape (NHWC)  :100%|██████████| 30/30 [00:00<00:00, 20846.44it/s]               
[INFO] perform level-0 opt :  0%|          | 0/3 [00:00<?, ?it/s]                            [INFO] perform level-0 opt :100%|██████████| 3/3 [00:00<00:00, 2446.61it/s]                  
[INFO] perform level-1 opt :  0%|          | 0/6 [00:00<?, ?it/s]                            [INFO] perform level-1 opt :100%|██████████| 6/6 [00:00<00:00, 2450.90it/s]                  
[INFO] generate xmodel     :  0%|          | 0/16 [00:00<?, ?it/s]                           [INFO] generate xmodel     :100%|██████████| 16/16 [00:00<00:00, 4074.12it/s]                
[INFO] dump xmodel ...[INFO] dump xmodel: /tmp/customcnn_org.xmodel
[UNILOG][INFO] Compile mode: dpu
[UNILOG][INFO] Debug mode: function
[UNILOG][INFO] Target architecture: DPUCAHX8H_ISA2
[UNILOG][INFO] Graph name: quantize_eval_model, with op num: 32
[UNILOG][INFO] Begin to compile...
[UNILOG][INFO] Total device subgraph number 3, DPU subgraph number 1
[UNILOG][INFO] Compile done.
[UNILOG][INFO] The meta json is saved to "/workspace/./build/compile_u50/meta.json"
[UNILOG][INFO] The compiled xmodel is saved to "/workspace/./build/compile_u50/customcnn.xmodel"
[UNILOG][INFO] The compiled xmodel's md5sum is 43ccb7f81abc00216329cb6461ee213f, and has been saved to "/workspace/./build/compile_u50/md5sum.txt"
**************************************************
* VITIS_AI Compilation - Xilinx Inc.
**************************************************
