WARNING:tensorflow:From /opt/vitis_ai/conda/envs/vitis-ai-tensorflow/lib/python3.6/site-packages/tensorflow_core/python/tools/freeze_graph.py:127: checkpoint_exists (from tensorflow.python.training.checkpoint_management) is deprecated and will be removed in a future version.
Instructions for updating:
Use standard file APIs to check for files with this prefix.
W0525 07:22:54.023988 139704542984000 deprecation.py:323] From /opt/vitis_ai/conda/envs/vitis-ai-tensorflow/lib/python3.6/site-packages/tensorflow_core/python/tools/freeze_graph.py:127: checkpoint_exists (from tensorflow.python.training.checkpoint_management) is deprecated and will be removed in a future version.
Instructions for updating:
Use standard file APIs to check for files with this prefix.
2022-05-25 07:22:54.040549: I tensorflow/core/platform/cpu_feature_guard.cc:142] Your CPU supports instructions that this TensorFlow binary was not compiled to use: SSE4.1 SSE4.2 AVX AVX2 FMA
2022-05-25 07:22:54.044001: I tensorflow/core/platform/profile_utils/cpu_utils.cc:94] CPU Frequency: 2304005000 Hz
2022-05-25 07:22:54.044537: I tensorflow/compiler/xla/service/service.cc:168] XLA service 0x5560c5d2dd40 initialized for platform Host (this does not guarantee that XLA will be used). Devices:
2022-05-25 07:22:54.044569: I tensorflow/compiler/xla/service/service.cc:176]   StreamExecutor device (0): Host, Default Version
INFO:tensorflow:Restoring parameters from ./build/chkpts/float_model.ckpt
I0525 07:22:54.074027 139704542984000 saver.py:1284] Restoring parameters from ./build/chkpts/float_model.ckpt
WARNING:tensorflow:From /opt/vitis_ai/conda/envs/vitis-ai-tensorflow/lib/python3.6/site-packages/tensorflow_core/python/tools/freeze_graph.py:233: convert_variables_to_constants (from tensorflow.python.framework.graph_util_impl) is deprecated and will be removed in a future version.
Instructions for updating:
Use `tf.compat.v1.graph_util.convert_variables_to_constants`
W0525 07:22:54.099359 139704542984000 deprecation.py:323] From /opt/vitis_ai/conda/envs/vitis-ai-tensorflow/lib/python3.6/site-packages/tensorflow_core/python/tools/freeze_graph.py:233: convert_variables_to_constants (from tensorflow.python.framework.graph_util_impl) is deprecated and will be removed in a future version.
Instructions for updating:
Use `tf.compat.v1.graph_util.convert_variables_to_constants`
WARNING:tensorflow:From /opt/vitis_ai/conda/envs/vitis-ai-tensorflow/lib/python3.6/site-packages/tensorflow_core/python/framework/graph_util_impl.py:277: extract_sub_graph (from tensorflow.python.framework.graph_util_impl) is deprecated and will be removed in a future version.
Instructions for updating:
Use `tf.compat.v1.graph_util.extract_sub_graph`
W0525 07:22:54.099588 139704542984000 deprecation.py:323] From /opt/vitis_ai/conda/envs/vitis-ai-tensorflow/lib/python3.6/site-packages/tensorflow_core/python/framework/graph_util_impl.py:277: extract_sub_graph (from tensorflow.python.framework.graph_util_impl) is deprecated and will be removed in a future version.
Instructions for updating:
Use `tf.compat.v1.graph_util.extract_sub_graph`
INFO:tensorflow:Froze 24 variables.
I0525 07:22:54.112812 139704542984000 graph_util_impl.py:334] Froze 24 variables.
INFO:tensorflow:Converted 24 variables to const ops.
I0525 07:22:54.117372 139704542984000 graph_util_impl.py:394] Converted 24 variables to const ops.
