Making list of calibration images..
Command line options:
 --dataset      :  mnist
 --subset       :  test
 --image_dir    :  ./build/quantize/images
 --image_list   :  calib_list.txt
 --label_list   :  
 --image_format :  jpg
 --max_images   :  1000
Vai_q_tensorflow v2.0.0 build for Tensorflow 1.15.2 git version
heads/2.0-0-g17172992
N/A% (0 of 100) |                        | Elapsed Time: 0:00:00 ETA:  --:--:--
  6% (6 of 100) |#                       | Elapsed Time: 0:00:00 ETA:  00:00:00
 13% (13 of 100) |##                     | Elapsed Time: 0:00:00 ETA:   0:00:00
 21% (21 of 100) |####                   | Elapsed Time: 0:00:00 ETA:   0:00:00
 28% (28 of 100) |######                 | Elapsed Time: 0:00:00 ETA:   0:00:00
 35% (35 of 100) |########               | Elapsed Time: 0:00:00 ETA:   0:00:00
 41% (41 of 100) |#########              | Elapsed Time: 0:00:00 ETA:   0:00:00
 47% (47 of 100) |##########             | Elapsed Time: 0:00:00 ETA:   0:00:00
 54% (54 of 100) |############           | Elapsed Time: 0:00:00 ETA:   0:00:00
 60% (60 of 100) |#############          | Elapsed Time: 0:00:00 ETA:   0:00:00
 66% (66 of 100) |###############        | Elapsed Time: 0:00:00 ETA:   0:00:00
 73% (73 of 100) |################       | Elapsed Time: 0:00:00 ETA:   0:00:00
 79% (79 of 100) |##################     | Elapsed Time: 0:00:00 ETA:   0:00:00
 85% (85 of 100) |###################    | Elapsed Time: 0:00:00 ETA:   0:00:00
 92% (92 of 100) |#####################  | Elapsed Time: 0:00:00 ETA:   0:00:00
 98% (98 of 100) |###################### | Elapsed Time: 0:00:00 ETA:   0:00:00
100% (100 of 100) |######################| Elapsed Time: 0:00:00 Time:  0:00:00
INFO: Checking Float Graph...
INFO: Float Graph Check Done.
INFO: Calibrating for 100 iterations...
INFO: Calibration Done.
********************* Quantization Summary *********************      
INFO: Output:       
  quantize_eval_model: ./build/quantize/ quantize_eval_model.pb 
